<?xml version="1.0" ?>
<!DOCTYPE coverage
  SYSTEM 'http://cobertura.sourceforge.net/xml/coverage-03.dtd'>
<coverage branch-rate="0" line-rate="0.8667" timestamp="1495077465792" version="3.6b3">
	<!-- Generated by coverage.py: http://nedbatchelder.com/code/coverage/3.6b3 -->
	<packages>
		<package branch-rate="0" complexity="0" line-rate="0.8667" name="">
			<classes>
				<class branch-rate="0" complexity="0" filename="project1/__init__.py" line-rate="0" name="project1/__init__">
					<methods/>
					<lines/>
				</class>
				<class branch-rate="0" complexity="0" filename="project1/authentication.py" line-rate="0.8667" name="project1/authentication">
					<methods/>
					<lines>
						<line hits="1" number="2"/>
						<line hits="1" number="4"/>
						<line hits="1" number="5"/>
						<line hits="1" number="6"/>
						<line hits="1" number="7"/>
						<line hits="1" number="8"/>
						<line hits="1" number="9"/>
						<line hits="1" number="10"/>
						<line hits="1" number="12"/>
						<line hits="1" number="13"/>
						<line hits="1" number="14"/>
						<line hits="1" number="15"/>
						<line hits="1" number="17"/>
						<line hits="0" number="18"/>
						<line hits="0" number="19"/>
					</lines>
				</class>
			</classes>
		</package>
	</packages>
</coverage>
